Copyright 1986-2020 Xilinx, Inc. All Rights Reserved.
----------------------------------------------------------------------------------------------------------------------------------------------
| Tool Version     : Vivado v.2020.2 (win64) Build 3064766 Wed Nov 18 09:12:45 MST 2020
| Date             : Mon Nov 13 16:08:56 2023
| Host             : L22-026 running 64-bit major release  (build 9200)
| Command          : report_power -file wave_gen_power_routed.rpt -pb wave_gen_power_summary_routed.pb -rpx wave_gen_power_routed.rpx
| Design           : wave_gen
| Device           : xc7k70tfbg676-1
| Design State     : routed
| Grade            : commercial
| Process          : typical
| Characterization : Production
----------------------------------------------------------------------------------------------------------------------------------------------

Power Report

Table of Contents
-----------------
1. Summary
1.1 On-Chip Components
1.2 Power Supply Summary
1.3 Confidence Level
2. Settings
2.1 Environment
2.2 Clock Constraints
3. Detailed Reports
3.1 By Hierarchy

1. Summary
----------

+--------------------------+--------------+
| Total On-Chip Power (W)  | 0.231        |
| Design Power Budget (W)  | Unspecified* |
| Power Budget Margin (W)  | NA           |
| Dynamic (W)              | 0.147        |
| Device Static (W)        | 0.084        |
| Effective TJA (C/W)      | 1.9          |
| Max Ambient (C)          | 84.6         |
| Junction Temperature (C) | 25.4         |
| Confidence Level         | Medium       |
| Setting File             | ---          |
| Simulation Activity File | ---          |
| Design Nets Matched      | NA           |
+--------------------------+--------------+
* Specify Design Power Budget using, set_operating_conditions -design_power_budget <value in Watts>


1.1 On-Chip Components
----------------------

+-------------------------+-----------+----------+-----------+-----------------+
| On-Chip                 | Power (W) | Used     | Available | Utilization (%) |
+-------------------------+-----------+----------+-----------+-----------------+
| Clocks                  |     0.013 |        9 |       --- |             --- |
| Slice Logic             |     0.006 |     1656 |       --- |             --- |
|   LUT as Logic          |     0.005 |      766 |     41000 |            1.87 |
|   Register              |    <0.001 |      626 |     82000 |            0.76 |
|   CARRY4                |    <0.001 |       40 |     10250 |            0.39 |
|   Others                |     0.000 |       83 |       --- |             --- |
|   LUT as Shift Register |     0.000 |        2 |     13400 |            0.01 |
|   F7/F8 Muxes           |     0.000 |        1 |     41000 |           <0.01 |
| Signals                 |     0.005 |     1300 |       --- |             --- |
| Block RAM               |     0.004 |        1 |       135 |            0.74 |
| MMCM                    |     0.108 |        1 |         6 |           16.67 |
| I/O                     |     0.012 |       18 |       300 |            6.00 |
| Static Power            |     0.084 |          |           |                 |
| Total                   |     0.231 |          |           |                 |
+-------------------------+-----------+----------+-----------+-----------------+


1.2 Power Supply Summary
------------------------

+-----------+-------------+-----------+-------------+------------+-------------+-------------+------------+
| Source    | Voltage (V) | Total (A) | Dynamic (A) | Static (A) | Powerup (A) | Budget (A)  | Margin (A) |
+-----------+-------------+-----------+-------------+------------+-------------+-------------+------------+
| Vccint    |       1.000 |     0.052 |       0.030 |      0.022 |       NA    | Unspecified | NA         |
| Vccaux    |       1.800 |     0.073 |       0.061 |      0.012 |       NA    | Unspecified | NA         |
| Vcco33    |       3.300 |     0.000 |       0.000 |      0.000 |       NA    | Unspecified | NA         |
| Vcco25    |       2.500 |     0.003 |       0.002 |      0.001 |       NA    | Unspecified | NA         |
| Vcco18    |       1.800 |     0.000 |       0.000 |      0.000 |       NA    | Unspecified | NA         |
| Vcco15    |       1.500 |     0.002 |       0.001 |      0.001 |       NA    | Unspecified | NA         |
| Vcco135   |       1.350 |     0.000 |       0.000 |      0.000 |       NA    | Unspecified | NA         |
| Vcco12    |       1.200 |     0.000 |       0.000 |      0.000 |       NA    | Unspecified | NA         |
| Vccaux_io |       1.800 |     0.000 |       0.000 |      0.000 |       NA    | Unspecified | NA         |
| Vccbram   |       1.000 |     0.001 |       0.000 |      0.000 |       NA    | Unspecified | NA         |
| MGTAVcc   |       1.000 |     0.000 |       0.000 |      0.000 |       NA    | Unspecified | NA         |
| MGTAVtt   |       1.200 |     0.000 |       0.000 |      0.000 |       NA    | Unspecified | NA         |
| MGTVccaux |       1.800 |     0.000 |       0.000 |      0.000 |       NA    | Unspecified | NA         |
| Vccadc    |       1.800 |     0.020 |       0.000 |      0.020 |       NA    | Unspecified | NA         |
+-----------+-------------+-----------+-------------+------------+-------------+-------------+------------+


1.3 Confidence Level
--------------------

+-----------------------------+------------+-------------------------------------------------------+------------------------------------------------------------------------------------------------------------+
| User Input Data             | Confidence | Details                                               | Action                                                                                                     |
+-----------------------------+------------+-------------------------------------------------------+------------------------------------------------------------------------------------------------------------+
| Design implementation state | High       | Design is routed                                      |                                                                                                            |
| Clock nodes activity        | High       | User specified more than 95% of clocks                |                                                                                                            |
| I/O nodes activity          | Medium     | More than 5% of inputs are missing user specification | Provide missing input activity with simulation results or by editing the "By Resource Type -> I/Os" view   |
| Internal nodes activity     | Medium     | User specified less than 25% of internal nodes        | Provide missing internal nodes activity with simulation results or by editing the "By Resource Type" views |
| Device models               | High       | Device models are Production                          |                                                                                                            |
|                             |            |                                                       |                                                                                                            |
| Overall confidence level    | Medium     |                                                       |                                                                                                            |
+-----------------------------+------------+-------------------------------------------------------+------------------------------------------------------------------------------------------------------------+


2. Settings
-----------

2.1 Environment
---------------

+-----------------------+--------------------------+
| Ambient Temp (C)      | 25.0                     |
| ThetaJA (C/W)         | 1.9                      |
| Airflow (LFM)         | 250                      |
| Heat Sink             | medium (Medium Profile)  |
| ThetaSA (C/W)         | 3.4                      |
| Board Selection       | medium (10"x10")         |
| # of Board Layers     | 12to15 (12 to 15 Layers) |
| Board Temperature (C) | 25.0                     |
+-----------------------+--------------------------+


2.2 Clock Constraints
---------------------

+-------------------+-----------------------------------------------+-----------------+
| Clock             | Domain                                        | Constraint (ns) |
+-------------------+-----------------------------------------------+-----------------+
| clk_pin_p         | clk_pin_p                                     |             5.0 |
| clk_rx_clk_core   | clk_gen_i0/clk_core_i0/inst/clk_rx_clk_core   |             5.0 |
| clk_samp          | clk_gen_i0/clk_samp                           |           192.0 |
| clk_tx_clk_core   | clk_gen_i0/clk_core_i0/inst/clk_tx_clk_core   |             6.0 |
| clkfbout_clk_core | clk_gen_i0/clk_core_i0/inst/clkfbout_clk_core |             5.0 |
+-------------------+-----------------------------------------------+-----------------+


3. Detailed Reports
-------------------

3.1 By Hierarchy
----------------

+---------------------+-----------+
| Name                | Power (W) |
+---------------------+-----------+
| wave_gen            |     0.147 |
|   char_fifo_i0      |     0.006 |
|     U0              |     0.006 |
|       inst_fifo_gen |     0.006 |
|   clk_gen_i0        |     0.114 |
|     clk_core_i0     |     0.113 |
|       inst          |     0.113 |
|     clk_div_i0      |     0.001 |
|   cmd_parse_i0      |     0.008 |
|   lb_ctl_i0         |     0.001 |
|     debouncer_i0    |     0.001 |
|   resp_gen_i0       |     0.002 |
|     to_bcd_i0       |     0.001 |
|   samp_ram_i0       |     0.002 |
|   uart_rx_i0        |     0.001 |
+---------------------+-----------+


