Copyright 1986-2020 Xilinx, Inc. All Rights Reserved.
-------------------------------------------------------------------------------------
| Tool Version : Vivado v.2020.2 (win64) Build 3064766 Wed Nov 18 09:12:45 MST 2020
| Date         : Mon Nov 13 16:08:46 2023
| Host         : L22-026 running 64-bit major release  (build 9200)
| Command      : report_control_sets -verbose -file wave_gen_control_sets_placed.rpt
| Design       : wave_gen
| Device       : xc7k70t
-------------------------------------------------------------------------------------

Control Set Information

Table of Contents
-----------------
1. Summary
2. Histogram
3. Flip-Flop Distribution
4. Detailed Control Set Information

1. Summary
----------

+----------------------------------------------------------+-------+
|                          Status                          | Count |
+----------------------------------------------------------+-------+
| Total control sets                                       |    37 |
|    Minimum number of control sets                        |    37 |
|    Addition due to synthesis replication                 |     0 |
|    Addition due to physical synthesis replication        |     0 |
| Unused register locations in slices containing registers |   102 |
+----------------------------------------------------------+-------+
* Control sets can be merged at opt_design using control_set_merge or merge_equivalent_drivers
** Run report_qor_suggestions for automated merging and remapping suggestions


2. Histogram
------------

+--------------------+-------+
|       Fanout       | Count |
+--------------------+-------+
| Total control sets |    37 |
| >= 0 to < 4        |     4 |
| >= 4 to < 6        |     5 |
| >= 6 to < 8        |     1 |
| >= 8 to < 10       |     2 |
| >= 10 to < 12      |     6 |
| >= 12 to < 14      |     2 |
| >= 14 to < 16      |     0 |
| >= 16              |    17 |
+--------------------+-------+
* Control sets can be remapped at either synth_design or opt_design


3. Flip-Flop Distribution
-------------------------

+--------------+-----------------------+------------------------+-----------------+--------------+
| Clock Enable | Synchronous Set/Reset | Asynchronous Set/Reset | Total Registers | Total Slices |
+--------------+-----------------------+------------------------+-----------------+--------------+
| No           | No                    | No                     |             143 |           52 |
| No           | No                    | Yes                    |               6 |            3 |
| No           | Yes                   | No                     |             147 |           59 |
| Yes          | No                    | No                     |              43 |           17 |
| Yes          | No                    | Yes                    |               0 |            0 |
| Yes          | Yes                   | No                     |             287 |           88 |
+--------------+-----------------------+------------------------+-----------------+--------------+


4. Detailed Control Set Information
-----------------------------------

+-------------------------------------+--------------------------------------------------------------------------------------------------------------------+-------------------------------------------------------------------------------------------------------------------------+------------------+----------------+--------------+
|             Clock Signal            |                                                    Enable Signal                                                   |                                                     Set/Reset Signal                                                    | Slice Load Count | Bel Load Count | Bels / Slice |
+-------------------------------------+--------------------------------------------------------------------------------------------------------------------+-------------------------------------------------------------------------------------------------------------------------+------------------+----------------+--------------+
|  clk_gen_i0/clk_samp                |                                                                                                                    | clk_gen_i0/int_rst                                                                                                      |                1 |              2 |         2.00 |
|  clk_gen_i0/clk_core_i0/inst/clk_tx |                                                                                                                    | clk_gen_i0/int_rst                                                                                                      |                1 |              2 |         2.00 |
|  clk_gen_i0/clk_core_i0/inst/clk_rx |                                                                                                                    | clk_gen_i0/int_rst                                                                                                      |                1 |              2 |         2.00 |
|  clk_gen_i0/clk_core_i0/inst/clk_rx |                                                                                                                    | char_fifo_i0/U0/inst_fifo_gen/gconvfifo.rf/grf.rf/rstblk/ngwrdrst.grst.g7serrst.gsckt_wrst.gic_rst.sckt_wr_rst_ic_reg_0 |                1 |              3 |         3.00 |
|  clk_gen_i0/clk_core_i0/inst/clk_tx | uart_tx_i0/uart_tx_ctl_i0/over_sample_cnt[3]_i_1_n_0                                                               | rst_gen_i0/reset_bridge_clk_tx_i0/rst_clk_tx                                                                            |                2 |              4 |         2.00 |
|  clk_gen_i0/clk_core_i0/inst/clk_rx | uart_rx_i0/uart_rx_ctl_i0/FSM_sequential_state[1]_i_1__0_n_0                                                       | rst_gen_i0/reset_bridge_clk_rx_i0/rst_clk_rx                                                                            |                1 |              4 |         4.00 |
|  clk_gen_i0/clk_core_i0/inst/clk_tx | dac_spi_i0/bit_cnt[4]_i_1_n_0                                                                                      | rst_gen_i0/reset_bridge_clk_tx_i0/rst_clk_tx                                                                            |                1 |              4 |         4.00 |
|  clk_gen_i0/clk_core_i0/inst/clk_tx | uart_tx_i0/uart_tx_ctl_i0/FSM_sequential_state[1]_i_1__1_n_0                                                       | rst_gen_i0/reset_bridge_clk_tx_i0/rst_clk_tx                                                                            |                2 |              4 |         2.00 |
|  clk_gen_i0/clk_core_i0/inst/clk_rx | resp_gen_i0/char_cnt                                                                                               | resp_gen_i0/char_cnt[3]_i_1_n_0                                                                                         |                1 |              4 |         4.00 |
|  clk_gen_i0/clk_core_i0/inst/clk_rx | cmd_parse_i0/cur_cmd                                                                                               | rst_gen_i0/reset_bridge_clk_rx_i0/rst_clk_rx                                                                            |                2 |              7 |         3.50 |
|  clk_gen_i0/clk_core_i0/inst/clk_rx | uart_rx_i0/uart_rx_ctl_i0/p_27_in                                                                                  | rst_gen_i0/reset_bridge_clk_rx_i0/rst_clk_rx                                                                            |                3 |              8 |         2.67 |
|  clk_gen_i0/clk_core_i0/inst/clk_tx | char_fifo_i0/U0/inst_fifo_gen/gconvfifo.rf/grf.rf/gntv_or_sync_fifo.gl0.rd/gr1.gr1_int.rfwft/E[0]                  | char_fifo_i0/U0/inst_fifo_gen/gconvfifo.rf/grf.rf/rstblk/SR[0]                                                          |                2 |              8 |         4.00 |
|  clk_gen_i0/clk_samp                | samp_gen_i0/samp_cnt0                                                                                              | samp_gen_i0/meta_harden_samp_gen_go_i0/SR[0]                                                                            |                2 |             10 |         5.00 |
|  clk_gen_i0/clk_core_i0/inst/clk_rx | cmd_parse_i0/cmd_samp_ram_addr[9]_i_1_n_0                                                                          | rst_gen_i0/reset_bridge_clk_rx_i0/rst_clk_rx                                                                            |                2 |             10 |         5.00 |
|  clk_gen_i0/clk_core_i0/inst/clk_tx |                                                                                                                    | char_fifo_i0/U0/inst_fifo_gen/gconvfifo.rf/grf.rf/rstblk/SR[0]                                                          |                3 |             11 |         3.67 |
|  clk_gen_i0/clk_core_i0/inst/clk_tx | clkx_nsamp_i0/meta_harden_bus_new_i0/E[0]                                                                          |                                                                                                                         |                4 |             11 |         2.75 |
|  clk_gen_i0/clk_core_i0/inst/clk_rx | cmd_parse_i0/E[0]                                                                                                  | rst_gen_i0/reset_bridge_clk_rx_i0/rst_clk_rx                                                                            |                3 |             11 |         3.67 |
|  clk_gen_i0/clk_core_i0/inst/clk_rx | cmd_parse_i0/nsamp                                                                                                 | rst_gen_i0/reset_bridge_clk_rx_i0/rst_clk_rx                                                                            |                3 |             11 |         3.67 |
|  clk_gen_i0/clk_samp                |                                                                                                                    | rst_gen_i0/reset_bridge_clk_samp_i0/rst_clk_samp                                                                        |                6 |             12 |         2.00 |
|  clk_gen_i0/clk_core_i0/inst/clk_rx | resp_gen_i0/to_bcd_i0/val_d1_reg_0                                                                                 | rst_gen_i0/reset_bridge_clk_rx_i0/rst_clk_rx                                                                            |               10 |             12 |         1.20 |
|  clk_gen_i0/clk_samp                | samp_gen_i0/meta_harden_samp_gen_go_i0/signal_dst_reg_0                                                            | rst_gen_i0/reset_bridge_clk_samp_i0/rst_clk_samp                                                                        |                4 |             16 |         4.00 |
|  clk_gen_i0/clk_core_i0/inst/clk_rx | cmd_parse_i0/prescale                                                                                              | rst_gen_i0/reset_bridge_clk_rx_i0/rst_clk_rx                                                                            |                3 |             16 |         5.33 |
|  clk_gen_i0/clk_core_i0/inst/clk_rx | cmd_parse_i0/cmd_samp_ram_din[15]_i_1_n_0                                                                          | rst_gen_i0/reset_bridge_clk_rx_i0/rst_clk_rx                                                                            |                2 |             16 |         8.00 |
|  clk_gen_i0/clk_core_i0/inst/clk_rx | cmd_parse_i0/send_resp_data[15]_i_1_n_0                                                                            | rst_gen_i0/reset_bridge_clk_rx_i0/rst_clk_rx                                                                            |               13 |             16 |         1.23 |
|  clk_gen_i0/clk_core_i0/inst/clk_rx | cmd_parse_i0/prescale_new_reg_0[0]                                                                                 | rst_gen_i0/reset_bridge_clk_rx_i0/rst_clk_rx                                                                            |                5 |             16 |         3.20 |
|  clk_gen_i0/clk_core_i0/inst/clk_rx | cmd_parse_i0/speed_new_reg_0[0]                                                                                    | rst_gen_i0/reset_bridge_clk_rx_i0/rst_clk_rx                                                                            |                3 |             16 |         5.33 |
|  clk_gen_i0/clk_core_i0/inst/clk_tx | clkx_pre_i0/meta_harden_bus_new_i0/E[0]                                                                            |                                                                                                                         |                6 |             16 |         2.67 |
|  clk_gen_i0/clk_core_i0/inst/clk_tx | clkx_spd_i0/meta_harden_bus_new_i0/E[0]                                                                            |                                                                                                                         |                7 |             16 |         2.29 |
|  clk_gen_i0/clk_core_i0/inst/clk_rx | cmd_parse_i0/speed                                                                                                 | rst_gen_i0/reset_bridge_clk_rx_i0/rst_clk_rx                                                                            |                3 |             16 |         5.33 |
|  clk_gen_i0/clk_core_i0/inst/clk_tx |                                                                                                                    | lb_ctl_i0/debouncer_i0/meta_harden_signal_in_i0/SR[0]                                                                   |                6 |             18 |         3.00 |
|  clk_gen_i0/clk_core_i0/inst/clk_tx | char_fifo_i0/U0/inst_fifo_gen/gconvfifo.rf/grf.rf/gntv_or_sync_fifo.gl0.rd/gr1.gr1_int.rfwft/ram_empty_fb_i_reg[0] | char_fifo_i0/U0/inst_fifo_gen/gconvfifo.rf/grf.rf/rstblk/SR[0]                                                          |                5 |             20 |         4.00 |
|  clk_gen_i0/clk_core_i0/inst/clk_rx | cmd_parse_i0/FSM_sequential_state_reg[2]_0[0]                                                                      | rst_gen_i0/reset_bridge_clk_rx_i0/rst_clk_rx                                                                            |                7 |             28 |         4.00 |
|  clk_gen_i0/clk_core_i0/inst/clk_rx | char_fifo_i0/U0/inst_fifo_gen/gconvfifo.rf/grf.rf/gntv_or_sync_fifo.gl0.wr/gwas.wsts/E[0]                          | char_fifo_i0/U0/inst_fifo_gen/gconvfifo.rf/grf.rf/rstblk/ngwrdrst.grst.g7serrst.gsckt_wrst.gic_rst.sckt_wr_rst_ic_reg_0 |                9 |             30 |         3.33 |
|  clk_gen_i0/clk_core_i0/inst/clk_rx |                                                                                                                    | rst_gen_i0/reset_bridge_clk_rx_i0/rst_clk_rx                                                                            |               24 |             48 |         2.00 |
|  clk_gen_i0/clk_core_i0/inst/clk_tx |                                                                                                                    | rst_gen_i0/reset_bridge_clk_tx_i0/rst_clk_tx                                                                            |               19 |             55 |         2.89 |
|  clk_gen_i0/clk_core_i0/inst/clk_tx |                                                                                                                    |                                                                                                                         |               21 |             64 |         3.05 |
|  clk_gen_i0/clk_core_i0/inst/clk_rx |                                                                                                                    |                                                                                                                         |               31 |             81 |         2.61 |
+-------------------------------------+--------------------------------------------------------------------------------------------------------------------+-------------------------------------------------------------------------------------------------------------------------+------------------+----------------+--------------+


